2026-02-06 01:03:01,216 - INFO - Starting worker 'Developer#1656' with the following tasks:
2026-02-06 01:03:01,216 - INFO - * trace(message: str, ...)
2026-02-06 01:03:01,216 - INFO - * fail(message: str, ...)
2026-02-06 01:03:01,216 - INFO - * sleep(seconds: float, ...)
2026-02-06 01:03:01,250 - INFO - Processing request of type ListToolsRequest
2026-02-06 01:03:06,556 - INFO - Starting worker 'Developer#1348' with the following tasks:
2026-02-06 01:03:06,556 - INFO - * trace(message: str, ...)
2026-02-06 01:03:06,556 - INFO - * fail(message: str, ...)
2026-02-06 01:03:06,557 - INFO - * sleep(seconds: float, ...)
2026-02-06 01:03:06,585 - INFO - Processing request of type CallToolRequest
2026-02-06 01:03:06,587 - INFO - calling add
2026-02-06 01:03:06,593 - INFO - Processing request of type ListToolsRequest
2026-02-06 01:03:54,255 - INFO - Starting worker 'Developer#2140' with the following tasks:
2026-02-06 01:03:54,255 - INFO - * trace(message: str, ...)
2026-02-06 01:03:54,255 - INFO - * fail(message: str, ...)
2026-02-06 01:03:54,255 - INFO - * sleep(seconds: float, ...)
2026-02-06 01:03:54,279 - INFO - Processing request of type ListToolsRequest
2026-02-06 01:03:59,892 - INFO - Starting worker 'Developer#9780' with the following tasks:
2026-02-06 01:03:59,892 - INFO - * trace(message: str, ...)
2026-02-06 01:03:59,892 - INFO - * fail(message: str, ...)
2026-02-06 01:03:59,892 - INFO - * sleep(seconds: float, ...)
2026-02-06 01:03:59,915 - INFO - Processing request of type CallToolRequest
2026-02-06 01:03:59,915 - INFO - calling add
2026-02-06 01:03:59,921 - INFO - Processing request of type ListToolsRequest
